<?xml version="1.0" encoding="UTF-8"?>
<!-- Generated by org.testng.reporters.JUnitXMLReporter -->
<testsuite ignored="0" hostname="RAMYA-S" failures="0" tests="3" name="Default test" time="58.883" errors="0" timestamp="2023-05-17T10:42:39 IST">
  <testcase classname="testScripts.PurchaseOrder" name="addCart" time="22.248"/>
  <testcase classname="testScripts.PurchaseOrder" name="delCart" time="9.273"/>
  <testcase classname="testScripts.PurchaseOrder" name="placeOrder" time="20.352"/>
</testsuite> <!-- Default test -->
