<?xml version="1.0" encoding="UTF-8"?>
<testng-results ignored="0" total="3" passed="3" failed="0" skipped="0">
  <reporter-output>
  </reporter-output>
  <suite started-at="2023-05-17T10:41:40 IST" name="Default suite" finished-at="2023-05-17T10:42:39 IST" duration-ms="58883">
    <groups>
    </groups>
    <test started-at="2023-05-17T10:41:40 IST" name="Default test" finished-at="2023-05-17T10:42:39 IST" duration-ms="58883">
      <class name="testScripts.PurchaseOrder">
        <test-method is-config="true" signature="setup()[pri:0, instance:testScripts.PurchaseOrder@6574a52c]" started-at="2023-05-17T10:41:40 IST" name="setup" finished-at="2023-05-17T10:41:47 IST" duration-ms="6575" status="PASS">
          <reporter-output>
          </reporter-output>
        </test-method> <!-- setup -->
        <test-method signature="addCart()[pri:1, instance:testScripts.PurchaseOrder@6574a52c]" started-at="2023-05-17T10:41:47 IST" name="addCart" finished-at="2023-05-17T10:42:09 IST" duration-ms="22248" status="PASS">
          <reporter-output>
          </reporter-output>
        </test-method> <!-- addCart -->
        <test-method signature="delCart()[pri:2, instance:testScripts.PurchaseOrder@6574a52c]" started-at="2023-05-17T10:42:09 IST" name="delCart" finished-at="2023-05-17T10:42:19 IST" duration-ms="9273" status="PASS">
          <reporter-output>
          </reporter-output>
        </test-method> <!-- delCart -->
        <test-method signature="placeOrder()[pri:3, instance:testScripts.PurchaseOrder@6574a52c]" started-at="2023-05-17T10:42:19 IST" name="placeOrder" finished-at="2023-05-17T10:42:39 IST" duration-ms="20352" status="PASS">
          <reporter-output>
          </reporter-output>
        </test-method> <!-- placeOrder -->
        <test-method is-config="true" signature="tearDown()[pri:0, instance:testScripts.PurchaseOrder@6574a52c]" started-at="2023-05-17T10:42:39 IST" name="tearDown" finished-at="2023-05-17T10:42:39 IST" duration-ms="366" status="PASS">
          <reporter-output>
          </reporter-output>
        </test-method> <!-- tearDown -->
      </class> <!-- testScripts.PurchaseOrder -->
    </test> <!-- Default test -->
  </suite> <!-- Default suite -->
</testng-results>
